[30-May-2021 19:14:25] NOTICE: fpm is running, pid 21340
[30-May-2021 19:14:25] NOTICE: ready to handle connections
[30-May-2021 19:43:17] NOTICE: Terminating ...
[30-May-2021 19:43:17] NOTICE: Terminating ...
[30-May-2021 19:43:17] NOTICE: exiting, bye-bye!
[30-May-2021 19:46:10] NOTICE: fpm is running, pid 22415
[30-May-2021 19:46:10] NOTICE: ready to handle connections
[30-May-2021 19:47:58] WARNING: [pool www] child 22420 said into stderr: "libpng warning: iCCP: known incorrect sRGB profile"
[30-May-2021 20:42:39] NOTICE: Terminating ...
[30-May-2021 20:42:39] NOTICE: Terminating ...
[30-May-2021 20:42:39] NOTICE: exiting, bye-bye!
[30-May-2021 20:42:48] NOTICE: fpm is running, pid 23024
[30-May-2021 20:42:48] NOTICE: ready to handle connections
[31-May-2021 14:03:03] NOTICE: Terminating ...
[31-May-2021 14:03:03] NOTICE: Terminating ...
[31-May-2021 14:03:03] NOTICE: exiting, bye-bye!
[31-May-2021 14:27:18] NOTICE: fpm is running, pid 28469
[31-May-2021 14:27:18] NOTICE: ready to handle connections
[31-May-2021 14:40:28] NOTICE: Terminating ...
[31-May-2021 14:40:28] NOTICE: Terminating ...
[31-May-2021 14:40:28] NOTICE: exiting, bye-bye!
[31-May-2021 14:47:50] NOTICE: fpm is running, pid 28956
[31-May-2021 14:47:50] NOTICE: ready to handle connections
[31-May-2021 14:51:04] NOTICE: Terminating ...
[31-May-2021 14:51:04] NOTICE: Terminating ...
[31-May-2021 14:51:04] NOTICE: exiting, bye-bye!
[31-May-2021 14:51:48] NOTICE: fpm is running, pid 29057
[31-May-2021 14:51:48] NOTICE: ready to handle connections
[31-May-2021 14:58:47] NOTICE: Terminating ...
[31-May-2021 14:58:47] NOTICE: Terminating ...
[31-May-2021 14:58:47] NOTICE: exiting, bye-bye!
[31-May-2021 15:01:27] NOTICE: fpm is running, pid 990
[31-May-2021 15:01:27] NOTICE: ready to handle connections
[31-May-2021 15:01:53] NOTICE: Terminating ...
[31-May-2021 15:01:53] NOTICE: Terminating ...
[31-May-2021 15:01:53] NOTICE: exiting, bye-bye!
[02-Jun-2021 08:57:06] NOTICE: fpm is running, pid 8954
[02-Jun-2021 08:57:06] NOTICE: ready to handle connections
[02-Jun-2021 12:36:56] NOTICE: Terminating ...
[02-Jun-2021 12:36:56] NOTICE: Terminating ...
[02-Jun-2021 12:36:56] NOTICE: exiting, bye-bye!
[17-Jun-2021 17:34:26] NOTICE: fpm is running, pid 31357
[17-Jun-2021 17:34:26] NOTICE: ready to handle connections
[18-Jun-2021 08:51:57] NOTICE: Terminating ...
[18-Jun-2021 08:51:57] NOTICE: Terminating ...
[18-Jun-2021 08:51:57] NOTICE: exiting, bye-bye!
[07-Sep-2021 22:35:32] NOTICE: fpm is running, pid 34304
[07-Sep-2021 22:35:32] NOTICE: ready to handle connections
[08-Sep-2021 09:10:40] NOTICE: Terminating ...
[08-Sep-2021 09:10:40] NOTICE: Terminating ...
[08-Sep-2021 09:10:40] NOTICE: exiting, bye-bye!
[08-Sep-2021 10:13:12] NOTICE: fpm is running, pid 40649
[08-Sep-2021 10:13:12] NOTICE: ready to handle connections
[08-Sep-2021 10:52:54] NOTICE: Terminating ...
[08-Sep-2021 10:52:54] NOTICE: Terminating ...
[08-Sep-2021 10:52:54] NOTICE: exiting, bye-bye!
[08-Sep-2021 11:32:01] NOTICE: fpm is running, pid 41713
[08-Sep-2021 11:32:01] NOTICE: ready to handle connections
[08-Sep-2021 13:36:14] NOTICE: Terminating ...
[08-Sep-2021 13:36:14] NOTICE: Terminating ...
[08-Sep-2021 13:36:14] NOTICE: exiting, bye-bye!
[08-Sep-2021 13:36:19] NOTICE: fpm is running, pid 43126
[08-Sep-2021 13:36:19] NOTICE: ready to handle connections
[08-Sep-2021 13:38:05] NOTICE: Terminating ...
[08-Sep-2021 13:38:05] NOTICE: Terminating ...
[08-Sep-2021 13:38:05] NOTICE: exiting, bye-bye!
[08-Sep-2021 13:38:07] NOTICE: fpm is running, pid 43190
[08-Sep-2021 13:38:07] NOTICE: ready to handle connections
[08-Sep-2021 13:39:38] NOTICE: Terminating ...
[08-Sep-2021 13:39:38] NOTICE: Terminating ...
[08-Sep-2021 13:39:38] NOTICE: exiting, bye-bye!
[08-Sep-2021 13:39:41] NOTICE: fpm is running, pid 43264
[08-Sep-2021 13:39:41] NOTICE: ready to handle connections
[08-Sep-2021 13:40:34] NOTICE: Terminating ...
[08-Sep-2021 13:40:34] NOTICE: Terminating ...
[08-Sep-2021 13:40:34] NOTICE: exiting, bye-bye!
[08-Sep-2021 13:40:36] NOTICE: fpm is running, pid 43311
[08-Sep-2021 13:40:36] NOTICE: ready to handle connections
[08-Sep-2021 13:41:49] NOTICE: Terminating ...
[08-Sep-2021 13:41:49] NOTICE: Terminating ...
[08-Sep-2021 13:41:49] NOTICE: exiting, bye-bye!
[08-Sep-2021 13:41:52] NOTICE: fpm is running, pid 43368
[08-Sep-2021 13:41:52] NOTICE: ready to handle connections
[08-Sep-2021 18:17:52] NOTICE: Terminating ...
[08-Sep-2021 18:17:52] NOTICE: Terminating ...
[08-Sep-2021 18:17:52] NOTICE: exiting, bye-bye!
[10-Sep-2021 15:07:30] NOTICE: fpm is running, pid 58911
[10-Sep-2021 15:07:30] NOTICE: ready to handle connections
[10-Sep-2021 16:06:34] NOTICE: Terminating ...
[10-Sep-2021 16:06:34] NOTICE: Terminating ...
[10-Sep-2021 16:06:34] NOTICE: exiting, bye-bye!
[11-Sep-2021 15:14:52] NOTICE: fpm is running, pid 65115
[11-Sep-2021 15:14:52] NOTICE: ready to handle connections
[11-Sep-2021 15:39:51] NOTICE: Terminating ...
[11-Sep-2021 15:39:51] NOTICE: Terminating ...
[11-Sep-2021 15:39:51] NOTICE: exiting, bye-bye!
[11-Sep-2021 16:07:41] NOTICE: fpm is running, pid 66391
[11-Sep-2021 16:07:41] NOTICE: ready to handle connections
[11-Sep-2021 20:31:27] NOTICE: Terminating ...
[11-Sep-2021 20:31:27] NOTICE: Terminating ...
[11-Sep-2021 20:31:27] NOTICE: exiting, bye-bye!
[11-Sep-2021 20:32:55] NOTICE: fpm is running, pid 69362
[11-Sep-2021 20:32:55] NOTICE: ready to handle connections
[11-Sep-2021 20:47:53] NOTICE: Terminating ...
[11-Sep-2021 20:47:53] NOTICE: Terminating ...
[11-Sep-2021 20:47:53] NOTICE: exiting, bye-bye!
[12-Sep-2021 11:25:34] NOTICE: fpm is running, pid 71070
[12-Sep-2021 11:25:34] NOTICE: ready to handle connections
[13-Sep-2021 01:44:22] NOTICE: Terminating ...
[13-Sep-2021 01:44:22] NOTICE: Terminating ...
[13-Sep-2021 01:44:22] NOTICE: exiting, bye-bye!
[15-Sep-2021 13:48:58] NOTICE: fpm is running, pid 3865
[15-Sep-2021 13:48:58] NOTICE: ready to handle connections
[15-Sep-2021 16:21:14] NOTICE: Terminating ...
[15-Sep-2021 16:21:14] NOTICE: Terminating ...
[15-Sep-2021 16:21:14] NOTICE: exiting, bye-bye!
[15-Sep-2021 18:29:47] NOTICE: fpm is running, pid 5513
[15-Sep-2021 18:29:47] NOTICE: ready to handle connections
